<?xml version="1.0" encoding="UTF-8"?>
<testsuite xmlns:xsi="http://www.w3.org/2001/XMLSchema-instance" xsi:noNamespaceSchemaLocation="https://maven.apache.org/surefire/maven-surefire-plugin/xsd/surefire-test-report-3.0.xsd" version="3.0" name="com.example.proyectojunit.CalculadoraTest" time="0.047" tests="6" errors="0" skipped="0" failures="0">
  <properties>
[...]
</properties>
  <testcase name="puedoInstanciarMiCalculadora" classname="com.example.proyectojunit.CalculadoraTest" time="0.006">
    <system-out><![CDATA[== setUp ==
]]></system-out>
  </testcase>
  <testcase name="puedoSumar40ymenos5" classname="com.example.proyectojunit.CalculadoraTest" time="0.007">
    <system-out><![CDATA[== setUp ==
]]></system-out>
  </testcase>
  <testcase name="puedoSumar2y2" classname="com.example.proyectojunit.CalculadoraTest" time="0.003">
    <system-out><![CDATA[== setUp ==
]]></system-out>
  </testcase>
  <testcase name="puedoSumar4y5" classname="com.example.proyectojunit.CalculadoraTest" time="0.003">
    <system-out><![CDATA[== setUp ==
]]></system-out>
  </testcase>
  <testcase name="puedoSumarmenos40y5" classname="com.example.proyectojunit.CalculadoraTest" time="0.003">
    <system-out><![CDATA[== setUp ==
]]></system-out>
  </testcase>
  <testcase name="laSumaNoTardaMasDe1s" classname="com.example.proyectojunit.CalculadoraTest" time="0.006">
    <system-out><![CDATA[== setUp ==
]]></system-out>
  </testcase>
</testsuite>