<?xml version="1.0" encoding="UTF-8"?>
<testsuite xmlns:xsi="http://www.w3.org/2001/XMLSchema-instance" xsi:noNamespaceSchemaLocation="https://maven.apache.org/surefire/maven-surefire-plugin/xsd/surefire-test-report-3.0.xsd" version="3.0" name="com.example.proyectojunit.BeautifyTest" time="0.136" tests="7" errors="0" skipped="0" failures="0">
  <properties>
[...]
</properties>
  <testcase name="resolverEnsaladaSignosSREspacios" classname="com.example.proyectojunit.BeautifyTest" time="0.05">
    <system-out><![CDATA[== setUp ==
]]></system-out>
  </testcase>
  <testcase name="quitarVariosEspacios" classname="com.example.proyectojunit.BeautifyTest" time="0.005">
    <system-out><![CDATA[== setUp ==
]]></system-out>
  </testcase>
  <testcase name="cambiarRestaNegativoASuma" classname="com.example.proyectojunit.BeautifyTest" time="0.004">
    <system-out><![CDATA[== setUp ==
]]></system-out>
  </testcase>
  <testcase name="resolverEnsaladaSignosSR" classname="com.example.proyectojunit.BeautifyTest" time="0.003">
    <system-out><![CDATA[== setUp ==
]]></system-out>
  </testcase>
  <testcase name="cambiarSumaNegativoAResta" classname="com.example.proyectojunit.BeautifyTest" time="0.002">
    <system-out><![CDATA[== setUp ==
]]></system-out>
  </testcase>
  <testcase name="quitarUnEspacio" classname="com.example.proyectojunit.BeautifyTest" time="0.002">
    <system-out><![CDATA[== setUp ==
]]></system-out>
  </testcase>
  <testcase name="cambiarSNARQuitarEspacio" classname="com.example.proyectojunit.BeautifyTest" time="0.003">
    <system-out><![CDATA[== setUp ==
]]></system-out>
  </testcase>
</testsuite>